2025-07-12 17:33:27,017 - __main__ - INFO - Starting session for: Shri
2025-07-12 17:33:27,019 - MemoryManager_837f52de - ERROR - Error saving user_data/837f52de1a8030d3b9938cbe8d07f786_conversation.json: 'MemoryManager' object has no attribute '_access_count'
2025-07-12 17:33:27,019 - MemoryManager_837f52de - ERROR - Failed to initialize 837f52de1a8030d3b9938cbe8d07f786_conversation.json: 'MemoryManager' object has no attribute '_access_count'
2025-07-12 17:33:27,020 - MemoryManager_837f52de - ERROR - Error saving user_data/837f52de1a8030d3b9938cbe8d07f786_profile.json: 'MemoryManager' object has no attribute '_access_count'
2025-07-12 17:33:27,020 - MemoryManager_837f52de - ERROR - Failed to initialize 837f52de1a8030d3b9938cbe8d07f786_profile.json: 'MemoryManager' object has no attribute '_access_count'
2025-07-12 17:33:27,063 - __main__ - ERROR - Fatal error: 4 validation errors for ChatGoogleGenerativeAI
safety_settings -> __key__
  value is not a valid integer (type=type_error.integer)
safety_settings -> __key__
  value is not a valid integer (type=type_error.integer)
safety_settings -> __key__
  value is not a valid integer (type=type_error.integer)
safety_settings -> __key__
  value is not a valid integer (type=type_error.integer)
2025-07-12 17:35:32,261 - __main__ - INFO - Starting session for: Shri
2025-07-12 17:35:32,285 - __main__ - ERROR - Fatal error: 4 validation errors for ChatGoogleGenerativeAI
safety_settings -> __key__
  value is not a valid integer (type=type_error.integer)
safety_settings -> __key__
  value is not a valid integer (type=type_error.integer)
safety_settings -> __key__
  value is not a valid integer (type=type_error.integer)
safety_settings -> __key__
  value is not a valid integer (type=type_error.integer)
